<?xml version="1.0" encoding="UTF-8"?>
<!-- Generated by org.testng.reporters.JUnitReportReporter -->
<testsuite skipped="0" hostname="karthikeyan" name="com.hpe.dam.marketingstandard.CreateAssetTestNG" tests="1" failures="0" timestamp="24 May 2018 09:45:30 GMT" time="28.321" errors="0">
  <testcase name="CreatingAsset" time="28.321" classname="com.hpe.dam.marketingstandard.CreateAssetTestNG"/>
</testsuite> <!-- com.hpe.dam.marketingstandard.CreateAssetTestNG -->
